
FIM_RUN = /scratch2/BMC/gsd-fv3-dev/sun/retro_subx_jun2024/FIMrun_theiaintel_p
YEAR    = 2024
MONTH   = 02
DAY     = 13
HOUR    = 12
PES     = 80

workdir=/scratch2/BMC/gsd-fv3-dev/sun/retro_subx_jun2024/FIMrun_theiaintel_p/fim7_64_80_2024021312/prep 
IC tar is /BMC/fim/5year/Shan.Sun/cfsIC/202402/cfsv2_2024021312.tar 
[connecting to hpsscore1.fairmont.rdhpcs.noaa.gov/1217]
******************************************************************
*   Welcome to the NESCC High Performance Storage System         *
*                                                                *
*   Current HPSS version: 9.3.10                                 * 
*                                                                * 
*       Please Submit Helpdesk Request to                        *
*        rdhpcs.hpss.help@noaa.gov                               *
*                                                                *
******************************************************************
Username: Shan.Sun  UID: 5118  Acct: 5118(5118) Copies: 1 COS: 0 Firewall: off [hsi.9.3.0.p0 Thu Feb 1 17:57:19 UTC 2024] 
get  '/scratch2/BMC/gsd-fv3-dev/sun/retro_subx_jun2024/FIMrun_theiaintel_p/fim7_64_80_2024021312/prep/cfsv2_2024021312.tar' : '/BMC/fim/5year/Shan.Sun/cfsIC/202402/cfsv2_2024021312.tar' (2024/06/21 23:52:17 1145313280 bytes, 891641.4 KBS )
ocnanl.gdas.2024021312.ice_model.res.nc
ocnanl.gdas.2024021312.ocean_temp_salt.res.nc
sfcanl.gdas.2024021312
siganl.gdas.2024021312
/bin/tar: Removing leading `/' from member names
/tmp/HTAR_CF_CHK_1984562_1719013936
rmcmd:  /bin/rm cfsv2_2024021312.tar
_______________________________________________________________
Start Epilog on node hfe03 for job 62433325 :: Tue Jun 25 18:33:10 UTC 2024
Job 62433325 finished for user Shan.Sun in partition service with exit code 0:0
_______________________________________________________________
End Epilogue Tue Jun 25 18:33:10 UTC 2024
