
FIM_RUN = /scratch2/BMC/gsd-fv3-dev/sun/retro_subx_jun2024/FIMrun_theiaintel_p
YEAR    = 2024
MONTH   = 03
DAY     = 05
HOUR    = 18
PES     = 80

workdir=/scratch2/BMC/gsd-fv3-dev/sun/retro_subx_jun2024/FIMrun_theiaintel_p/fim7_64_80_2024030518/prep 
IC tar is /BMC/fim/5year/Shan.Sun/cfsIC/202403/cfsv2_2024030518.tar 
[connecting to hpsscore1.fairmont.rdhpcs.noaa.gov/1217]
******************************************************************
*   Welcome to the NESCC High Performance Storage System         *
*                                                                *
*   Current HPSS version: 9.3.10                                 * 
*                                                                * 
*       Please Submit Helpdesk Request to                        *
*        rdhpcs.hpss.help@noaa.gov                               *
*                                                                *
******************************************************************
Username: Shan.Sun  UID: 5118  Acct: 5118(5118) Copies: 1 COS: 0 Firewall: off [hsi.9.3.0.p0 Thu Feb 1 17:57:19 UTC 2024] 
get  '/scratch2/BMC/gsd-fv3-dev/sun/retro_subx_jun2024/FIMrun_theiaintel_p/fim7_64_80_2024030518/prep/cfsv2_2024030518.tar' : '/BMC/fim/5year/Shan.Sun/cfsIC/202403/cfsv2_2024030518.tar' (2024/06/22 00:30:23 1145313280 bytes, 970116.9 KBS )
ocnanl.gdas.2024030518.ice_model.res.nc
ocnanl.gdas.2024030518.ocean_temp_salt.res.nc
sfcanl.gdas.2024030518
siganl.gdas.2024030518
/bin/tar: Removing leading `/' from member names
/tmp/HTAR_CF_CHK_2523095_1719016222
rmcmd:  /bin/rm cfsv2_2024030518.tar
_______________________________________________________________
Start Epilog on node hfe03 for job 62510567 :: Thu Jun 27 04:57:25 UTC 2024
Job 62510567 finished for user Shan.Sun in partition service with exit code 0:0
_______________________________________________________________
End Epilogue Thu Jun 27 04:57:25 UTC 2024
