
FIM_RUN = /scratch2/BMC/gsd-fv3-dev/sun/retro_subx_jun2024/FIMrun_theiaintel_p
YEAR    = 2024
MONTH   = 01
DAY     = 16
HOUR    = 18
PES     = 80

workdir=/scratch2/BMC/gsd-fv3-dev/sun/retro_subx_jun2024/FIMrun_theiaintel_p/fim7_64_80_2024011618/prep 
IC tar is /BMC/fim/5year/Shan.Sun/cfsIC/202401/cfsv2_2024011618.tar 
[connecting to hpsscore1.fairmont.rdhpcs.noaa.gov/1217]
******************************************************************
*   Welcome to the NESCC High Performance Storage System         *
*                                                                *
*   Current HPSS version: 9.3.10                                 * 
*                                                                * 
*       Please Submit Helpdesk Request to                        *
*        rdhpcs.hpss.help@noaa.gov                               *
*                                                                *
******************************************************************
Username: Shan.Sun  UID: 5118  Acct: 5118(5118) Copies: 1 COS: 0 Firewall: off [hsi.9.3.0.p0 Thu Feb 1 17:57:19 UTC 2024] 
get  '/scratch2/BMC/gsd-fv3-dev/sun/retro_subx_jun2024/FIMrun_theiaintel_p/fim7_64_80_2024011618/prep/cfsv2_2024011618.tar' : '/BMC/fim/5year/Shan.Sun/cfsIC/202401/cfsv2_2024011618.tar' (2024/06/21 23:39:35 1145313280 bytes, 741215.8 KBS )
ocnanl.gdas.2024011618.ice_model.res.nc
ocnanl.gdas.2024011618.ocean_temp_salt.res.nc
sfcanl.gdas.2024011618
siganl.gdas.2024011618
/bin/tar: Removing leading `/' from member names
/tmp/HTAR_CF_CHK_2723626_1719013174
rmcmd:  /bin/rm cfsv2_2024011618.tar
_______________________________________________________________
Start Epilog on node hfe09 for job 62381679 :: Mon Jun 24 23:19:33 UTC 2024
Job 62381679 finished for user Shan.Sun in partition service with exit code 0:0
_______________________________________________________________
End Epilogue Mon Jun 24 23:19:33 UTC 2024
