
FIM_RUN = /scratch2/BMC/gsd-fv3-dev/sun/retro_subx_jun2024/FIMrun_theiaintel_p
YEAR    = 2023
MONTH   = 10
DAY     = 18
HOUR    = 06
PES     = 80

workdir=/scratch2/BMC/gsd-fv3-dev/sun/retro_subx_jun2024/FIMrun_theiaintel_p/fim7_64_80_2023101806/prep 
IC tar is /BMC/fim/5year/Shan.Sun/cfsIC/202310/cfsv2_2023101806.tar 
[connecting to hpsscore1.fairmont.rdhpcs.noaa.gov/1217]
******************************************************************
*   Welcome to the NESCC High Performance Storage System         *
*                                                                *
*   Current HPSS version: 9.3.10                                 * 
*                                                                * 
*       Please Submit Helpdesk Request to                        *
*        rdhpcs.hpss.help@noaa.gov                               *
*                                                                *
******************************************************************
Username: Shan.Sun  UID: 5118  Acct: 5118(5118) Copies: 1 COS: 0 Firewall: off [hsi.9.3.0.p0 Thu Feb 1 17:57:19 UTC 2024] 
get  '/scratch2/BMC/gsd-fv3-dev/sun/retro_subx_jun2024/FIMrun_theiaintel_p/fim7_64_80_2023101806/prep/cfsv2_2023101806.tar' : '/BMC/fim/5year/Shan.Sun/cfsIC/202310/cfsv2_2023101806.tar' (2024/06/22 22:46:59 1145313280 bytes, 379161.2 KBS )
ocnanl.gdas.2023101806.ice_model.res.nc
ocnanl.gdas.2023101806.ocean_temp_salt.res.nc
sfcanl.gdas.2023101806
siganl.gdas.2023101806
/bin/tar: Removing leading `/' from member names
/tmp/HTAR_CF_CHK_3550846_1719096418
rmcmd:  /bin/rm cfsv2_2023101806.tar
_______________________________________________________________
Start Epilog on node hfe09 for job 62772825 :: Mon Jul  1 18:01:20 UTC 2024
Job 62772825 finished for user Shan.Sun in partition service with exit code 0:0
_______________________________________________________________
End Epilogue Mon Jul  1 18:01:20 UTC 2024
