
Inactive Modules:
  1) impi/2023.2.0     2) ncview/2.1.7

Due to MODULEPATH changes, the following have been reloaded:
  1) netcdf/4.7.0

The following have been reloaded with a version change:
  1) intel/2023.2.0 => intel/2022.1.2


FIM_RUN = /scratch2/BMC/gsd-fv3-dev/sun/retro_subx_jun2024/FIMrun_theiaintel_p
YEAR    = 2023
MONTH   = 09
DAY     = 20
HOUR    = 06

endfile= /scratch2/BMC/gsd-fv3-dev/sun/retro_subx_jun2024/FIMrun_theiaintel_p/fim7_64_80_2023092006/fim/stdout
nz = /scratch2/BMC/gsd-fv3-dev/sun/retro_subx_jun2024/retro_subx_FIMr1p1_nc3d/fim7_2023092006.nc
nc0z = /scratch2/BMC/gsd-fv3-dev/sun/retro_subx_jun2024/retro_subx_FIMr1p1_nc3d/fim7_2023092000.nc
qq1 do nc /scratch2/BMC/gsd-fv3-dev/sun/retro_subx_jun2024/retro_subx_FIMr1p1_nc3d/fim7_2023092006.nc ssw=0
qq2 do nc /scratch2/BMC/gsd-fv3-dev/sun/retro_subx_jun2024/retro_subx_FIMr1p1_nc3d/fim7_2023092006.nc 
do fim2nc wo ssw for 2023092006 /scratch2/BMC/gsd-fv3-dev/sun/retro_subx_jun2024/FIMrun_theiaintel_p/fim7_64_80_2023092006
0
done fim2nc for 2023092006
done fim2nc for 2023092006
ncatted: WARNING: Regular expression "ncout.F90_rev" does not match any attribute
HINT: See regular expression syntax examples at http://nco.sf.net/nco.html#rx
passed nc chk 2023092006 1190716 1179664; removing run dir
/bin/mv: cannot stat 'ice_hemi.txt': No such file or directory
_______________________________________________________________
Start Epilog on node h23c25 for job 62605780 :: Fri Jun 28 16:44:01 UTC 2024
Job 62605780 finished for user Shan.Sun in partition hera with exit code 0:0
_______________________________________________________________
End Epilogue Fri Jun 28 16:44:01 UTC 2024
