
Inactive Modules:
  1) impi/2023.2.0     2) ncview/2.1.7

Due to MODULEPATH changes, the following have been reloaded:
  1) netcdf/4.7.0

The following have been reloaded with a version change:
  1) intel/2023.2.0 => intel/2022.1.2


FIM_RUN = /scratch2/BMC/gsd-fv3-dev/sun/retro_subx_jun2024/FIMrun_theiaintel_p
YEAR    = 2024
MONTH   = 03
DAY     = 05
HOUR    = 18

endfile= /scratch2/BMC/gsd-fv3-dev/sun/retro_subx_jun2024/FIMrun_theiaintel_p/fim7_64_80_2024030518/fim/stdout
nz = /scratch2/BMC/gsd-fv3-dev/sun/retro_subx_jun2024/retro_subx_FIMr1p1_nc3d/fim7_2024030518.nc
nc0z = /scratch2/BMC/gsd-fv3-dev/sun/retro_subx_jun2024/retro_subx_FIMr1p1_nc3d/fim7_2024030500.nc
qq1 do nc /scratch2/BMC/gsd-fv3-dev/sun/retro_subx_jun2024/retro_subx_FIMr1p1_nc3d/fim7_2024030518.nc ssw=0
do fim2nc no ssw for 2024030518 /scratch2/BMC/gsd-fv3-dev/sun/retro_subx_jun2024/FIMrun_theiaintel_p/fim7_64_80_2024030518
0
done fim2nc for 2024030518
passed nc chk 2024030518 1191060 1179664; removing run dir
_______________________________________________________________
Start Epilog on node h25c23 for job 62607699 :: Fri Jun 28 17:34:01 UTC 2024
Job 62607699 finished for user Shan.Sun in partition hera with exit code 0:0
_______________________________________________________________
End Epilogue Fri Jun 28 17:34:01 UTC 2024
