
Inactive Modules:
  1) impi/2023.2.0     2) ncview/2.1.7

Due to MODULEPATH changes, the following have been reloaded:
  1) netcdf/4.7.0

The following have been reloaded with a version change:
  1) intel/2023.2.0 => intel/2022.1.2


FIM_RUN = /scratch2/BMC/gsd-fv3-dev/sun/retro_subx_jun2024/FIMrun_theiaintel_p
YEAR    = 2023
MONTH   = 10
DAY     = 18
HOUR    = 06

endfile= /scratch2/BMC/gsd-fv3-dev/sun/retro_subx_jun2024/FIMrun_theiaintel_p/fim7_64_80_2023101806/fim/stdout
nz = /scratch2/BMC/gsd-fv3-dev/sun/retro_subx_jun2024/retro_subx_FIMr1p1_nc3d/fim7_2023101806.nc
nc0z = /scratch2/BMC/gsd-fv3-dev/sun/retro_subx_jun2024/retro_subx_FIMr1p1_nc3d/fim7_2023101800.nc
qq1 do nc /scratch2/BMC/gsd-fv3-dev/sun/retro_subx_jun2024/retro_subx_FIMr1p1_nc3d/fim7_2023101806.nc ssw=0
qq2 do nc /scratch2/BMC/gsd-fv3-dev/sun/retro_subx_jun2024/retro_subx_FIMr1p1_nc3d/fim7_2023101806.nc 
do fim2nc wo ssw for 2023101806 /scratch2/BMC/gsd-fv3-dev/sun/retro_subx_jun2024/FIMrun_theiaintel_p/fim7_64_80_2023101806
0
done fim2nc for 2023101806
done fim2nc for 2023101806
ncatted: WARNING: Regular expression "ncout.F90_rev" does not match any attribute
HINT: See regular expression syntax examples at http://nco.sf.net/nco.html#rx
passed nc chk 2023101806 1192764 1179664; removing run dir
/bin/mv: cannot stat 'ice_hemi.txt': No such file or directory
_______________________________________________________________
Start Epilog on node h25c34 for job 62967813 :: Fri Jul  5 17:07:24 UTC 2024
Job 62967813 finished for user Shan.Sun in partition hera with exit code 0:0
_______________________________________________________________
End Epilogue Fri Jul  5 17:07:24 UTC 2024
