
Inactive Modules:
  1) impi/2023.2.0     2) ncview/2.1.7

Due to MODULEPATH changes, the following have been reloaded:
  1) netcdf/4.7.0

The following have been reloaded with a version change:
  1) intel/2023.2.0 => intel/2022.1.2


FIM_RUN = /scratch2/BMC/gsd-fv3-dev/sun/retro_subx_jun2024/FIMrun_theiaintel_p
YEAR    = 2024
MONTH   = 01
DAY     = 23
HOUR    = 18

do nc_subx for 2024012318; string=FIM_24jan2024_00z_d01_d32
ncbo: /scratch2/BMC/gsd-fv3-dev/sun/retro_subx_jun2024/retro_subx_FIMr1p1_nc2d/rad_sfc_FIM_24jan2024_00z_d01_d32_m02.nc exists---`e'xit, `o'verwrite (i.e., clobber existing file), or `a'ppend (i.e., replace duplicate variables in, and add metadata and new variables to, existing file) (e/o/a)? ncbo: ERROR Invalid response.
ncbo: /scratch2/BMC/gsd-fv3-dev/sun/retro_subx_jun2024/retro_subx_FIMr1p1_nc2d/rad_sfc_FIM_24jan2024_00z_d01_d32_m02.nc exists---`e'xit, `o'verwrite (i.e., clobber existing file), or `a'ppend (i.e., replace duplicate variables in, and add metadata and new variables to, existing file) (e/o/a)? ncbo: ERROR Invalid response.
ncbo: /scratch2/BMC/gsd-fv3-dev/sun/retro_subx_jun2024/retro_subx_FIMr1p1_nc2d/rad_sfc_FIM_24jan2024_00z_d01_d32_m02.nc exists---`e'xit, `o'verwrite (i.e., clobber existing file), or `a'ppend (i.e., replace duplicate variables in, and add metadata and new variables to, existing file) (e/o/a)? ncbo: ERROR Invalid response.
ncbo: /scratch2/BMC/gsd-fv3-dev/sun/retro_subx_jun2024/retro_subx_FIMr1p1_nc2d/rad_sfc_FIM_24jan2024_00z_d01_d32_m02.nc exists---`e'xit, `o'verwrite (i.e., clobber existing file), or `a'ppend (i.e., replace duplicate variables in, and add metadata and new variables to, existing file) (e/o/a)? ncbo: ERROR Invalid response.
ncbo: /scratch2/BMC/gsd-fv3-dev/sun/retro_subx_jun2024/retro_subx_FIMr1p1_nc2d/rad_sfc_FIM_24jan2024_00z_d01_d32_m02.nc exists---`e'xit, `o'verwrite (i.e., clobber existing file), or `a'ppend (i.e., replace duplicate variables in, and add metadata and new variables to, existing file) (e/o/a)? ncbo: ERROR Invalid response.
ncbo: /scratch2/BMC/gsd-fv3-dev/sun/retro_subx_jun2024/retro_subx_FIMr1p1_nc2d/rad_sfc_FIM_24jan2024_00z_d01_d32_m02.nc exists---`e'xit, `o'verwrite (i.e., clobber existing file), or `a'ppend (i.e., replace duplicate variables in, and add metadata and new variables to, existing file) (e/o/a)? ncbo: ERROR Invalid response.
ncbo: /scratch2/BMC/gsd-fv3-dev/sun/retro_subx_jun2024/retro_subx_FIMr1p1_nc2d/rad_sfc_FIM_24jan2024_00z_d01_d32_m02.nc exists---`e'xit, `o'verwrite (i.e., clobber existing file), or `a'ppend (i.e., replace duplicate variables in, and add metadata and new variables to, existing file) (e/o/a)? ncbo: ERROR Invalid response.
ncbo: /scratch2/BMC/gsd-fv3-dev/sun/retro_subx_jun2024/retro_subx_FIMr1p1_nc2d/rad_sfc_FIM_24jan2024_00z_d01_d32_m02.nc exists---`e'xit, `o'verwrite (i.e., clobber existing file), or `a'ppend (i.e., replace duplicate variables in, and add metadata and new variables to, existing file) (e/o/a)? ncbo: ERROR Invalid response.
ncbo: /scratch2/BMC/gsd-fv3-dev/sun/retro_subx_jun2024/retro_subx_FIMr1p1_nc2d/rad_sfc_FIM_24jan2024_00z_d01_d32_m02.nc exists---`e'xit, `o'verwrite (i.e., clobber existing file), or `a'ppend (i.e., replace duplicate variables in, and add metadata and new variables to, existing file) (e/o/a)? ncbo: ERROR Invalid response.
ncbo: /scratch2/BMC/gsd-fv3-dev/sun/retro_subx_jun2024/retro_subx_FIMr1p1_nc2d/rad_sfc_FIM_24jan2024_00z_d01_d32_m02.nc exists---`e'xit, `o'verwrite (i.e., clobber existing file), or `a'ppend (i.e., replace duplicate variables in, and add metadata and new variables to, existing file) (e/o/a)? ncbo: ERROR Invalid response.
ncbo: /scratch2/BMC/gsd-fv3-dev/sun/retro_subx_jun2024/retro_subx_FIMr1p1_nc2d/rad_sfc_FIM_24jan2024_00z_d01_d32_m02.nc exists---`e'xit, `o'verwrite (i.e., clobber existing file), or `a'ppend (i.e., replace duplicate variables in, and add metadata and new variables to, existing file) (e/o/a)? 
ncbo: ERROR 11 failed attempts to obtain valid interactive input. Assuming non-interactive shell and exiting.
chk outDIR is /scratch2/BMC/gsd-fv3-dev/sun/retro_subx_jun2024/retro_subx_FIMr1p1_nc2d /scratch2/BMC/gsd-fv3-dev/sun/retro_subx_jun2024/retro_subx_FIMr1p1_nc2d 
ncwa: WARNING: Variable "zg" uses the non-standard attribute name "cell_method" instead of "cell_methods", the correct attribute name. The CAM3 and CLM3 models (and others?) have this problem. Expect "double attributes" in output. This message is printed only once per invocation, although the problem likely occurs in multiple variables.
ncwa: WARNING: Variable "zg" uses the non-standard attribute name "cell_method" instead of "cell_methods", the correct attribute name. The CAM3 and CLM3 models (and others?) have this problem. Expect "double attributes" in output. This message is printed only once per invocation, although the problem likely occurs in multiple variables.
ncwa: WARNING: Variable "ua" uses the non-standard attribute name "cell_method" instead of "cell_methods", the correct attribute name. The CAM3 and CLM3 models (and others?) have this problem. Expect "double attributes" in output. This message is printed only once per invocation, although the problem likely occurs in multiple variables.
ncwa: WARNING: Variable "va" uses the non-standard attribute name "cell_method" instead of "cell_methods", the correct attribute name. The CAM3 and CLM3 models (and others?) have this problem. Expect "double attributes" in output. This message is printed only once per invocation, although the problem likely occurs in multiple variables.
ncwa: WARNING: Variable "ua" uses the non-standard attribute name "cell_method" instead of "cell_methods", the correct attribute name. The CAM3 and CLM3 models (and others?) have this problem. Expect "double attributes" in output. This message is printed only once per invocation, although the problem likely occurs in multiple variables.
ncwa: WARNING: Variable "va" uses the non-standard attribute name "cell_method" instead of "cell_methods", the correct attribute name. The CAM3 and CLM3 models (and others?) have this problem. Expect "double attributes" in output. This message is printed only once per invocation, although the problem likely occurs in multiple variables.
ncwa: WARNING: Variable "huss" uses the non-standard attribute name "cell_method" instead of "cell_methods", the correct attribute name. The CAM3 and CLM3 models (and others?) have this problem. Expect "double attributes" in output. This message is printed only once per invocation, although the problem likely occurs in multiple variables.
ncwa: WARNING: Variable "wap" uses the non-standard attribute name "cell_method" instead of "cell_methods", the correct attribute name. The CAM3 and CLM3 models (and others?) have this problem. Expect "double attributes" in output. This message is printed only once per invocation, although the problem likely occurs in multiple variables.
ncwa: WARNING: Variable "ua" uses the non-standard attribute name "cell_method" instead of "cell_methods", the correct attribute name. The CAM3 and CLM3 models (and others?) have this problem. Expect "double attributes" in output. This message is printed only once per invocation, although the problem likely occurs in multiple variables.
ncwa: WARNING: Variable "va" uses the non-standard attribute name "cell_method" instead of "cell_methods", the correct attribute name. The CAM3 and CLM3 models (and others?) have this problem. Expect "double attributes" in output. This message is printed only once per invocation, although the problem likely occurs in multiple variables.
ncwa: WARNING: Variable "zg" uses the non-standard attribute name "cell_method" instead of "cell_methods", the correct attribute name. The CAM3 and CLM3 models (and others?) have this problem. Expect "double attributes" in output. This message is printed only once per invocation, although the problem likely occurs in multiple variables.
ncwa: WARNING: Variable "zg" uses the non-standard attribute name "cell_method" instead of "cell_methods", the correct attribute name. The CAM3 and CLM3 models (and others?) have this problem. Expect "double attributes" in output. This message is printed only once per invocation, although the problem likely occurs in multiple variables.
ncwa: WARNING: Variable "zg" uses the non-standard attribute name "cell_method" instead of "cell_methods", the correct attribute name. The CAM3 and CLM3 models (and others?) have this problem. Expect "double attributes" in output. This message is printed only once per invocation, although the problem likely occurs in multiple variables.
ncwa: WARNING: Variable "zg" uses the non-standard attribute name "cell_method" instead of "cell_methods", the correct attribute name. The CAM3 and CLM3 models (and others?) have this problem. Expect "double attributes" in output. This message is printed only once per invocation, although the problem likely occurs in multiple variables.
ncwa: WARNING: Variable "ta" uses the non-standard attribute name "cell_method" instead of "cell_methods", the correct attribute name. The CAM3 and CLM3 models (and others?) have this problem. Expect "double attributes" in output. This message is printed only once per invocation, although the problem likely occurs in multiple variables.
ncwa: WARNING: Variable "ta" uses the non-standard attribute name "cell_method" instead of "cell_methods", the correct attribute name. The CAM3 and CLM3 models (and others?) have this problem. Expect "double attributes" in output. This message is printed only once per invocation, although the problem likely occurs in multiple variables.
ncwa: WARNING: Variable "ta" uses the non-standard attribute name "cell_method" instead of "cell_methods", the correct attribute name. The CAM3 and CLM3 models (and others?) have this problem. Expect "double attributes" in output. This message is printed only once per invocation, although the problem likely occurs in multiple variables.
ncwa: WARNING: Variable "ta" uses the non-standard attribute name "cell_method" instead of "cell_methods", the correct attribute name. The CAM3 and CLM3 models (and others?) have this problem. Expect "double attributes" in output. This message is printed only once per invocation, although the problem likely occurs in multiple variables.
ncwa: WARNING: Variable "ua" uses the non-standard attribute name "cell_method" instead of "cell_methods", the correct attribute name. The CAM3 and CLM3 models (and others?) have this problem. Expect "double attributes" in output. This message is printed only once per invocation, although the problem likely occurs in multiple variables.
ncwa: WARNING: Variable "ua" uses the non-standard attribute name "cell_method" instead of "cell_methods", the correct attribute name. The CAM3 and CLM3 models (and others?) have this problem. Expect "double attributes" in output. This message is printed only once per invocation, although the problem likely occurs in multiple variables.
ncwa: WARNING: Variable "ua" uses the non-standard attribute name "cell_method" instead of "cell_methods", the correct attribute name. The CAM3 and CLM3 models (and others?) have this problem. Expect "double attributes" in output. This message is printed only once per invocation, although the problem likely occurs in multiple variables.
ncwa: WARNING: Variable "va" uses the non-standard attribute name "cell_method" instead of "cell_methods", the correct attribute name. The CAM3 and CLM3 models (and others?) have this problem. Expect "double attributes" in output. This message is printed only once per invocation, although the problem likely occurs in multiple variables.
ncwa: WARNING: Variable "va" uses the non-standard attribute name "cell_method" instead of "cell_methods", the correct attribute name. The CAM3 and CLM3 models (and others?) have this problem. Expect "double attributes" in output. This message is printed only once per invocation, although the problem likely occurs in multiple variables.
ncwa: WARNING: Variable "va" uses the non-standard attribute name "cell_method" instead of "cell_methods", the correct attribute name. The CAM3 and CLM3 models (and others?) have this problem. Expect "double attributes" in output. This message is printed only once per invocation, although the problem likely occurs in multiple variables.
zipfile will be in fim_24jan2024_m02.zip
updating: hfls_sfc_FIM_24jan2024_00z_d01_d32_m02.nc (deflated 10%)
updating: hfss_sfc_FIM_24jan2024_00z_d01_d32_m02.nc (deflated 9%)
updating: huss_850_FIM_24jan2024_00z_d01_d32_m02.nc (deflated 13%)
updating: mrso_sfc_FIM_24jan2024_00z_d01_d32_m02.nc (deflated 76%)
updating: pr_sfc_FIM_24jan2024_00z_d01_d32_m02.nc (deflated 16%)
updating: psl_sfc_FIM_24jan2024_00z_d01_d32_m02.nc (deflated 27%)
updating: rad_sfc_FIM_24jan2024_00z_d01_d32_m02.nc (deflated 13%)
updating: rlut_toa_FIM_24jan2024_00z_d01_d32_m02.nc (deflated 18%)
updating: sic_sfc_FIM_24jan2024_00z_d01_d32_m02.nc (deflated 95%)
updating: stx_sfc_FIM_24jan2024_00z_d01_d32_m02.nc (deflated 7%)
updating: sty_sfc_FIM_24jan2024_00z_d01_d32_m02.nc (deflated 7%)
updating: swe_sfc_FIM_24jan2024_00z_d01_d32_m02.nc (deflated 70%)
updating: ta_100_FIM_24jan2024_00z_d01_d32_m02.nc (deflated 23%)
updating: ta_10_FIM_24jan2024_00z_d01_d32_m02.nc (deflated 25%)
updating: ta_30_FIM_24jan2024_00z_d01_d32_m02.nc (deflated 25%)
updating: ta_50_FIM_24jan2024_00z_d01_d32_m02.nc (deflated 24%)
updating: tas_2m_FIM_24jan2024_00z_d01_d32_m02.nc (deflated 24%)
updating: tasmax_2m_FIM_24jan2024_00z_d01_d32_m02.nc (deflated 24%)
updating: tasmin_2m_FIM_24jan2024_00z_d01_d32_m02.nc (deflated 24%)
updating: tdps_2m_FIM_24jan2024_00z_d01_d32_m02.nc (deflated 23%)
updating: ts_sfc_FIM_24jan2024_00z_d01_d32_m02.nc (deflated 24%)
updating: ua_100_FIM_24jan2024_00z_d01_d32_m02.nc (deflated 10%)
updating: ua_10_FIM_24jan2024_00z_d01_d32_m02.nc (deflated 9%)
updating: ua_200_FIM_24jan2024_00z_d01_d32_m02.nc (deflated 9%)
updating: ua_30_FIM_24jan2024_00z_d01_d32_m02.nc (deflated 10%)
updating: ua_50_FIM_24jan2024_00z_d01_d32_m02.nc (deflated 10%)
updating: ua_850_FIM_24jan2024_00z_d01_d32_m02.nc (deflated 8%)
updating: uas_10m_FIM_24jan2024_00z_d01_d32_m02.nc (deflated 8%)
updating: va_100_FIM_24jan2024_00z_d01_d32_m02.nc (deflated 7%)
updating: va_10_FIM_24jan2024_00z_d01_d32_m02.nc (deflated 7%)
updating: va_200_FIM_24jan2024_00z_d01_d32_m02.nc (deflated 7%)
updating: va_30_FIM_24jan2024_00z_d01_d32_m02.nc (deflated 7%)
updating: va_50_FIM_24jan2024_00z_d01_d32_m02.nc (deflated 7%)
updating: va_850_FIM_24jan2024_00z_d01_d32_m02.nc (deflated 7%)
updating: vas_10m_FIM_24jan2024_00z_d01_d32_m02.nc (deflated 8%)
updating: wap_500_FIM_24jan2024_00z_d01_d32_m02.nc (deflated 8%)
updating: zg_10_FIM_24jan2024_00z_d01_d32_m02.nc (deflated 30%)
updating: zg_200_FIM_24jan2024_00z_d01_d32_m02.nc (deflated 26%)
updating: zg_30_FIM_24jan2024_00z_d01_d32_m02.nc (deflated 31%)
updating: zg_500_FIM_24jan2024_00z_d01_d32_m02.nc (deflated 25%)
updating: zg_50_FIM_24jan2024_00z_d01_d32_m02.nc (deflated 31%)
updating: zg_850_FIM_24jan2024_00z_d01_d32_m02.nc (deflated 21%)
to hpss fim_24jan2024_m02.zip /scratch2/BMC/gsd-fv3-dev/sun/retro_subx_jun2024/retro_subx_FIMr1p1_nc3d/fim7_2024012318.nc /ESRL/BMC/fim/5year/Shan.Sun/subx_rt_FIMr1.1/2024
[connecting to hpsscore1.fairmont.rdhpcs.noaa.gov/1217]
WARNING: Error -13 unlinking HPSS-resident Index File /ESRL/BMC/fim/5year/Shan.Sun/subx_rt_FIMr1.1/2024/fim7_2024012318.nc.idx
ERROR: Error -13 on hpss_Open (create) for /ESRL/BMC/fim/5year/Shan.Sun/subx_rt_FIMr1.1/2024/fim7_2024012318.nc
HTAR: HTAR FAILED
###WARNING  htar returned non-zero exit status.
            72 = /apps/hpss_hera/bin/htar -T 4 -cPvf /ESRL/BMC/fim/5year/Shan.Sun/subx_rt_FIMr1.1/2024/fim7_2024012318.nc /scratch2/BMC/gsd-fv3-dev/sun/retro_subx_jun2024/retro_subx_FIMr1p1_nc3d/fim7_2024012318.nc
[connecting to hpsscore1.fairmont.rdhpcs.noaa.gov/1217]
WARNING: Error -13 unlinking HPSS-resident Index File /ESRL/BMC/fim/5year/Shan.Sun/subx_rt_FIMr1.1/2024/fim_24jan2024_m02.zip.idx
ERROR: Error -13 on hpss_Open (create) for /ESRL/BMC/fim/5year/Shan.Sun/subx_rt_FIMr1.1/2024/fim_24jan2024_m02.zip
HTAR: HTAR FAILED
###WARNING  htar returned non-zero exit status.
            72 = /apps/hpss_hera/bin/htar -T 4 -cPvf /ESRL/BMC/fim/5year/Shan.Sun/subx_rt_FIMr1.1/2024/fim_24jan2024_m02.zip fim_24jan2024_m02.zip
_______________________________________________________________
Start Epilog on node hfe09 for job 62381593 :: Mon Jun 24 23:15:00 UTC 2024
Job 62381593 finished for user Shan.Sun in partition service with exit code 72:0
_______________________________________________________________
End Epilogue Mon Jun 24 23:15:00 UTC 2024
